GROUP,PACKAGE,CLASS,INSTRUCTION_MISSED,INSTRUCTION_COVERED,BRANCH_MISSED,BRANCH_COVERED,LINE_MISSED,LINE_COVERED,COMPLEXITY_MISSED,COMPLEXITY_COVERED,METHOD_MISSED,METHOD_COVERED
Airline Web/REST Project,edu.pdx.cs410J.riley34,Messages.new Map.Entry() {...},29,0,2,0,7,0,5,0,4,0
Airline Web/REST Project,edu.pdx.cs410J.riley34,PrettyPrinter,94,0,8,0,25,0,7,0,3,0
Airline Web/REST Project,edu.pdx.cs410J.riley34,XmlParser,421,0,16,0,95,0,11,0,3,0
Airline Web/REST Project,edu.pdx.cs410J.riley34,AirlineRestClient,63,50,1,1,15,8,5,4,4,4
Airline Web/REST Project,edu.pdx.cs410J.riley34,XmlDumper,463,0,10,0,109,0,11,0,6,0
Airline Web/REST Project,edu.pdx.cs410J.riley34,Project5,618,256,97,49,150,57,63,13,1,2
Airline Web/REST Project,edu.pdx.cs410J.riley34,Messages,128,0,6,0,23,0,12,0,9,0
Airline Web/REST Project,edu.pdx.cs410J.riley34,AirlineServlet,531,0,56,0,139,0,39,0,11,0
Airline Web/REST Project,edu.pdx.cs410J.riley34,Airline,72,18,9,1,18,6,9,2,4,2
Airline Web/REST Project,edu.pdx.cs410J.riley34,Flight,189,113,22,10,37,25,23,6,7,6
Airline Web/REST Project,edu.pdx.cs410J.riley34,AirlineRestClient.AirlineRestException,0,8,0,0,0,3,0,1,0,1
